0 verbose cli [
0 verbose cli   '/usr/local/nvm/versions/node/v12.14.1/bin/node',
0 verbose cli   '/usr/local/nvm/versions/node/v12.14.1/bin/npm',
0 verbose cli   'start'
0 verbose cli ]
1 info using npm@8.5.0
2 info using node@v12.14.1
3 timing npm:load:whichnode Completed in 0ms
4 timing config:load:defaults Completed in 1ms
5 timing config:load:file:/usr/local/nvm/versions/node/v12.14.1/lib/node_modules/npm/npmrc Completed in 2ms
6 timing config:load:builtin Completed in 2ms
7 timing config:load:cli Completed in 2ms
8 timing config:load:env Completed in 3ms
9 timing config:load:project Completed in 1ms
10 timing config:load:file:/home/user123/.npmrc Completed in 0ms
11 timing config:load:user Completed in 1ms
12 timing config:load:file:/usr/local/nvm/versions/node/v12.14.1/etc/npmrc Completed in 0ms
13 timing config:load:global Completed in 0ms
14 timing config:load:validate Completed in 0ms
15 timing config:load:credentials Completed in 1ms
16 timing config:load:setEnvs Completed in 0ms
17 timing config:load Completed in 14ms
18 timing npm:load:configload Completed in 15ms
19 timing npm:load:setTitle Completed in 0ms
20 timing config:load:flatten Completed in 3ms
21 timing npm:load:display Completed in 4ms
22 verbose logfile /home/user123/.npm/_logs/2022-03-07T11_45_10_180Z-debug-0.log
23 timing npm:load:logFile Completed in 4ms
24 timing npm:load:timers Completed in 0ms
25 timing npm:load:configScope Completed in 0ms
26 timing npm:load Completed in 23ms
27 timing command:run-script Completed in 11ms
28 timing command:start Completed in 19ms
29 verbose stack Error: ENOENT: no such file or directory, open '/home/user123/package.json'
30 verbose cwd /home/user123
31 verbose Linux 5.10.90+
32 verbose argv "/usr/local/nvm/versions/node/v12.14.1/bin/node" "/usr/local/nvm/versions/node/v12.14.1/bin/npm" "start"
33 verbose node v12.14.1
34 verbose npm  v8.5.0
35 error code ENOENT
36 error syscall open
37 error path /home/user123/package.json
38 error errno -2
39 error enoent ENOENT: no such file or directory, open '/home/user123/package.json'
40 error enoent This is related to npm not being able to find a file.
40 error enoent
41 verbose exit -2
42 timing npm Completed in 212ms
43 verbose code -2
44 error A complete log of this run can be found in:
44 error     /home/user123/.npm/_logs/2022-03-07T11_45_10_180Z-debug-0.log
